app/build/intermediates/manifest_merge_blame_file/debug/processDebugMainManifest/manifest-merger-blame-debug-report.txt
1<?xml version="1.0" encoding="utf-8"?>
2<manifest xmlns:android="http://schemas.android.com/apk/res/android"
3    package="com.example.digitaldetox"
4    android:versionCode="1"
5    android:versionName="1.0" >
6
7    <uses-sdk
8        android:minSdkVersion="26"
9        android:targetSdkVersion="35" />
10
11    <uses-permission android:name="android.permission.PACKAGE_USAGE_STATS" />
11-->src\main\AndroidManifest.xml:5:5-7:47
11-->src\main\AndroidManifest.xml:6:9-62
12    <uses-permission android:name="android.permission.SYSTEM_ALERT_WINDOW" />
12-->src\main\AndroidManifest.xml:8:5-78
12-->src\main\AndroidManifest.xml:8:22-75
13    <uses-permission android:name="android.permission.VIBRATE" />
13-->src\main\AndroidManifest.xml:9:5-66
13-->src\main\AndroidManifest.xml:9:22-63
14    <uses-permission android:name="android.permission.POST_NOTIFICATIONS" />
14-->src\main\AndroidManifest.xml:10:5-77
14-->src\main\AndroidManifest.xml:10:22-74
15    <uses-permission android:name="android.permission.FOREGROUND_SERVICE" />
15-->src\main\AndroidManifest.xml:11:5-77
15-->src\main\AndroidManifest.xml:11:22-74
16    <uses-permission android:name="android.permission.QUERY_ALL_PACKAGES" />
16-->src\main\AndroidManifest.xml:12:5-77
16-->src\main\AndroidManifest.xml:12:22-74
17    <uses-permission android:name="android.permission.WAKE_LOCK" />
17-->[androidx.work:work-runtime:2.10.0] AndroidManifest.xml:23:5-68
17-->[androidx.work:work-runtime:2.10.0] AndroidManifest.xml:23:22-65
18    <uses-permission android:name="android.permission.ACCESS_NETWORK_STATE" />
18-->[androidx.work:work-runtime:2.10.0] AndroidManifest.xml:24:5-79
18-->[androidx.work:work-runtime:2.10.0] AndroidManifest.xml:24:22-76
19    <uses-permission android:name="android.permission.RECEIVE_BOOT_COMPLETED" />
19-->[androidx.work:work-runtime:2.10.0] AndroidManifest.xml:25:5-81
19-->[androidx.work:work-runtime:2.10.0] AndroidManifest.xml:25:22-78
20
21    <permission
21-->[androidx.core:core:1.15.0] AndroidManifest.xml:22:5-24:47
22        android:name="com.example.digitaldetox.DYNAMIC_RECEIVER_NOT_EXPORTED_PERMISSION"
22-->[androidx.core:core:1.15.0] AndroidManifest.xml:23:9-81
23        android:protectionLevel="signature" />
23-->[androidx.core:core:1.15.0] AndroidManifest.xml:24:9-44
24
25    <uses-permission android:name="com.example.digitaldetox.DYNAMIC_RECEIVER_NOT_EXPORTED_PERMISSION" />
25-->[androidx.core:core:1.15.0] AndroidManifest.xml:26:5-97
25-->[androidx.core:core:1.15.0] AndroidManifest.xml:26:22-94
26
27    <application
27-->src\main\AndroidManifest.xml:14:5-55:19
28        android:allowBackup="true"
28-->src\main\AndroidManifest.xml:15:9-35
29        android:appComponentFactory="androidx.core.app.CoreComponentFactory"
29-->[androidx.core:core:1.15.0] AndroidManifest.xml:28:18-86
30        android:dataExtractionRules="@xml/data_extraction_rules"
30-->src\main\AndroidManifest.xml:16:9-65
31        android:debuggable="true"
32        android:extractNativeLibs="false"
33        android:fullBackupContent="@xml/backup_rules"
33-->src\main\AndroidManifest.xml:17:9-54
34        android:icon="@android:drawable/sym_def_app_icon"
34-->src\main\AndroidManifest.xml:18:9-58
35        android:label="@string/app_name"
35-->src\main\AndroidManifest.xml:19:9-41
36        android:roundIcon="@android:drawable/sym_def_app_icon"
36-->src\main\AndroidManifest.xml:20:9-63
37        android:supportsRtl="true"
37-->src\main\AndroidManifest.xml:21:9-35
38        android:theme="@style/Theme.Detto" >
38-->src\main\AndroidManifest.xml:22:9-43
39        <activity
39-->src\main\AndroidManifest.xml:25:9-33:20
40            android:name="com.example.digitaldetox.MainActivity"
40-->src\main\AndroidManifest.xml:26:13-41
41            android:exported="true"
41-->src\main\AndroidManifest.xml:27:13-36
42            android:theme="@style/Theme.Detto" >
42-->src\main\AndroidManifest.xml:28:13-47
43            <intent-filter>
43-->src\main\AndroidManifest.xml:29:13-32:29
44                <action android:name="android.intent.action.MAIN" />
44-->src\main\AndroidManifest.xml:30:17-69
44-->src\main\AndroidManifest.xml:30:25-66
45
46                <category android:name="android.intent.category.LAUNCHER" />
46-->src\main\AndroidManifest.xml:31:17-77
46-->src\main\AndroidManifest.xml:31:27-74
47            </intent-filter>
48        </activity>
49        <activity
49-->src\main\AndroidManifest.xml:35:9-41:20
50            android:name="com.example.digitaldetox.ui.intervention.InterventionActivity"
50-->src\main\AndroidManifest.xml:36:13-65
51            android:excludeFromRecents="true"
51-->src\main\AndroidManifest.xml:39:13-46
52            android:exported="false"
52-->src\main\AndroidManifest.xml:37:13-37
53            android:launchMode="singleTask"
53-->src\main\AndroidManifest.xml:38:13-44
54            android:theme="@style/Theme.Detto.Translucent" >
54-->src\main\AndroidManifest.xml:40:13-59
55        </activity>
56
57        <service
57-->src\main\AndroidManifest.xml:43:9-53:19
58            android:name="com.example.digitaldetox.service.AccessibilityBlockerService"
58-->src\main\AndroidManifest.xml:44:13-64
59            android:exported="false"
59-->src\main\AndroidManifest.xml:46:13-37
60            android:permission="android.permission.BIND_ACCESSIBILITY_SERVICE" >
60-->src\main\AndroidManifest.xml:45:13-79
61            <intent-filter>
61-->src\main\AndroidManifest.xml:47:13-49:29
62                <action android:name="android.accessibilityservice.AccessibilityService" />
62-->src\main\AndroidManifest.xml:48:17-92
62-->src\main\AndroidManifest.xml:48:25-89
63            </intent-filter>
64
65            <meta-data
65-->src\main\AndroidManifest.xml:50:13-52:72
66                android:name="android.accessibilityservice"
66-->src\main\AndroidManifest.xml:51:17-60
67                android:resource="@xml/accessibility_service_config" />
67-->src\main\AndroidManifest.xml:52:17-69
68        </service>
69
70        <provider
70-->[androidx.work:work-runtime:2.10.0] AndroidManifest.xml:29:9-37:20
71            android:name="androidx.startup.InitializationProvider"
71-->[androidx.work:work-runtime:2.10.0] AndroidManifest.xml:30:13-67
72            android:authorities="com.example.digitaldetox.androidx-startup"
72-->[androidx.work:work-runtime:2.10.0] AndroidManifest.xml:31:13-68
73            android:exported="false" >
73-->[androidx.work:work-runtime:2.10.0] AndroidManifest.xml:32:13-37
74            <meta-data
74-->[androidx.work:work-runtime:2.10.0] AndroidManifest.xml:34:13-36:52
75                android:name="androidx.work.WorkManagerInitializer"
75-->[androidx.work:work-runtime:2.10.0] AndroidManifest.xml:35:17-68
76                android:value="androidx.startup" />
76-->[androidx.work:work-runtime:2.10.0] AndroidManifest.xml:36:17-49
77            <meta-data
77-->[androidx.emoji2:emoji2:1.3.0] AndroidManifest.xml:29:13-31:52
78                android:name="androidx.emoji2.text.EmojiCompatInitializer"
78-->[androidx.emoji2:emoji2:1.3.0] AndroidManifest.xml:30:17-75
79                android:value="androidx.startup" />
79-->[androidx.emoji2:emoji2:1.3.0] AndroidManifest.xml:31:17-49
80            <meta-data
80-->[androidx.lifecycle:lifecycle-process:2.8.7] AndroidManifest.xml:29:13-31:52
81                android:name="androidx.lifecycle.ProcessLifecycleInitializer"
81-->[androidx.lifecycle:lifecycle-process:2.8.7] AndroidManifest.xml:30:17-78
82                android:value="androidx.startup" />
82-->[androidx.lifecycle:lifecycle-process:2.8.7] AndroidManifest.xml:31:17-49
83            <meta-data
83-->[androidx.profileinstaller:profileinstaller:1.3.1] AndroidManifest.xml:29:13-31:52
84                android:name="androidx.profileinstaller.ProfileInstallerInitializer"
84-->[androidx.profileinstaller:profileinstaller:1.3.1] AndroidManifest.xml:30:17-85
85                android:value="androidx.startup" />
85-->[androidx.profileinstaller:profileinstaller:1.3.1] AndroidManifest.xml:31:17-49
86        </provider>
87
88        <service
88-->[androidx.work:work-runtime:2.10.0] AndroidManifest.xml:39:9-45:35
89            android:name="androidx.work.impl.background.systemalarm.SystemAlarmService"
89-->[androidx.work:work-runtime:2.10.0] AndroidManifest.xml:40:13-88
90            android:directBootAware="false"
90-->[androidx.work:work-runtime:2.10.0] AndroidManifest.xml:41:13-44
91            android:enabled="@bool/enable_system_alarm_service_default"
91-->[androidx.work:work-runtime:2.10.0] AndroidManifest.xml:42:13-72
92            android:exported="false" />
92-->[androidx.work:work-runtime:2.10.0] AndroidManifest.xml:43:13-37
93        <service
93-->[androidx.work:work-runtime:2.10.0] AndroidManifest.xml:46:9-52:35
94            android:name="androidx.work.impl.background.systemjob.SystemJobService"
94-->[androidx.work:work-runtime:2.10.0] AndroidManifest.xml:47:13-84
95            android:directBootAware="false"
95-->[androidx.work:work-runtime:2.10.0] AndroidManifest.xml:48:13-44
96            android:enabled="@bool/enable_system_job_service_default"
96-->[androidx.work:work-runtime:2.10.0] AndroidManifest.xml:49:13-70
97            android:exported="true"
97-->[androidx.work:work-runtime:2.10.0] AndroidManifest.xml:50:13-36
98            android:permission="android.permission.BIND_JOB_SERVICE" />
98-->[androidx.work:work-runtime:2.10.0] AndroidManifest.xml:51:13-69
99        <service
99-->[androidx.work:work-runtime:2.10.0] AndroidManifest.xml:53:9-59:35
100            android:name="androidx.work.impl.foreground.SystemForegroundService"
100-->[androidx.work:work-runtime:2.10.0] AndroidManifest.xml:54:13-81
101            android:directBootAware="false"
101-->[androidx.work:work-runtime:2.10.0] AndroidManifest.xml:55:13-44
102            android:enabled="@bool/enable_system_foreground_service_default"
102-->[androidx.work:work-runtime:2.10.0] AndroidManifest.xml:56:13-77
103            android:exported="false" />
103-->[androidx.work:work-runtime:2.10.0] AndroidManifest.xml:57:13-37
104
105        <receiver
105-->[androidx.work:work-runtime:2.10.0] AndroidManifest.xml:61:9-66:35
106            android:name="androidx.work.impl.utils.ForceStopRunnable$BroadcastReceiver"
106-->[androidx.work:work-runtime:2.10.0] AndroidManifest.xml:62:13-88
107            android:directBootAware="false"
107-->[androidx.work:work-runtime:2.10.0] AndroidManifest.xml:63:13-44
108            android:enabled="true"
108-->[androidx.work:work-runtime:2.10.0] AndroidManifest.xml:64:13-35
109            android:exported="false" />
109-->[androidx.work:work-runtime:2.10.0] AndroidManifest.xml:65:13-37
110        <receiver
110-->[androidx.work:work-runtime:2.10.0] AndroidManifest.xml:67:9-77:20
111            android:name="androidx.work.impl.background.systemalarm.ConstraintProxy$BatteryChargingProxy"
111-->[androidx.work:work-runtime:2.10.0] AndroidManifest.xml:68:13-106
112            android:directBootAware="false"
112-->[androidx.work:work-runtime:2.10.0] AndroidManifest.xml:69:13-44
113            android:enabled="false"
113-->[androidx.work:work-runtime:2.10.0] AndroidManifest.xml:70:13-36
114            android:exported="false" >
114-->[androidx.work:work-runtime:2.10.0] AndroidManifest.xml:71:13-37
115            <intent-filter>
115-->[androidx.work:work-runtime:2.10.0] AndroidManifest.xml:73:13-76:29
116                <action android:name="android.intent.action.ACTION_POWER_CONNECTED" />
116-->[androidx.work:work-runtime:2.10.0] AndroidManifest.xml:74:17-87
116-->[androidx.work:work-runtime:2.10.0] AndroidManifest.xml:74:25-84
117                <action android:name="android.intent.action.ACTION_POWER_DISCONNECTED" />
117-->[androidx.work:work-runtime:2.10.0] AndroidManifest.xml:75:17-90
117-->[androidx.work:work-runtime:2.10.0] AndroidManifest.xml:75:25-87
118            </intent-filter>
119        </receiver>
120        <receiver
120-->[androidx.work:work-runtime:2.10.0] AndroidManifest.xml:78:9-88:20
121            android:name="androidx.work.impl.background.systemalarm.ConstraintProxy$BatteryNotLowProxy"
121-->[androidx.work:work-runtime:2.10.0] AndroidManifest.xml:79:13-104
122            android:directBootAware="false"
122-->[androidx.work:work-runtime:2.10.0] AndroidManifest.xml:80:13-44
123            android:enabled="false"
123-->[androidx.work:work-runtime:2.10.0] AndroidManifest.xml:81:13-36
124            android:exported="false" >
124-->[androidx.work:work-runtime:2.10.0] AndroidManifest.xml:82:13-37
125            <intent-filter>
125-->[androidx.work:work-runtime:2.10.0] AndroidManifest.xml:84:13-87:29
126                <action android:name="android.intent.action.BATTERY_OKAY" />
126-->[androidx.work:work-runtime:2.10.0] AndroidManifest.xml:85:17-77
126-->[androidx.work:work-runtime:2.10.0] AndroidManifest.xml:85:25-74
127                <action android:name="android.intent.action.BATTERY_LOW" />
127-->[androidx.work:work-runtime:2.10.0] AndroidManifest.xml:86:17-76
127-->[androidx.work:work-runtime:2.10.0] AndroidManifest.xml:86:25-73
128            </intent-filter>
129        </receiver>
130        <receiver
130-->[androidx.work:work-runtime:2.10.0] AndroidManifest.xml:89:9-99:20
131            android:name="androidx.work.impl.background.systemalarm.ConstraintProxy$StorageNotLowProxy"
131-->[androidx.work:work-runtime:2.10.0] AndroidManifest.xml:90:13-104
132            android:directBootAware="false"
132-->[androidx.work:work-runtime:2.10.0] AndroidManifest.xml:91:13-44
133            android:enabled="false"
133-->[androidx.work:work-runtime:2.10.0] AndroidManifest.xml:92:13-36
134            android:exported="false" >
134-->[androidx.work:work-runtime:2.10.0] AndroidManifest.xml:93:13-37
135            <intent-filter>
135-->[androidx.work:work-runtime:2.10.0] AndroidManifest.xml:95:13-98:29
136                <action android:name="android.intent.action.DEVICE_STORAGE_LOW" />
136-->[androidx.work:work-runtime:2.10.0] AndroidManifest.xml:96:17-83
136-->[androidx.work:work-runtime:2.10.0] AndroidManifest.xml:96:25-80
137                <action android:name="android.intent.action.DEVICE_STORAGE_OK" />
137-->[androidx.work:work-runtime:2.10.0] AndroidManifest.xml:97:17-82
137-->[androidx.work:work-runtime:2.10.0] AndroidManifest.xml:97:25-79
138            </intent-filter>
139        </receiver>
140        <receiver
140-->[androidx.work:work-runtime:2.10.0] AndroidManifest.xml:100:9-109:20
141            android:name="androidx.work.impl.background.systemalarm.ConstraintProxy$NetworkStateProxy"
141-->[androidx.work:work-runtime:2.10.0] AndroidManifest.xml:101:13-103
142            android:directBootAware="false"
142-->[androidx.work:work-runtime:2.10.0] AndroidManifest.xml:102:13-44
143            android:enabled="false"
143-->[androidx.work:work-runtime:2.10.0] AndroidManifest.xml:103:13-36
144            android:exported="false" >
144-->[androidx.work:work-runtime:2.10.0] AndroidManifest.xml:104:13-37
145            <intent-filter>
145-->[androidx.work:work-runtime:2.10.0] AndroidManifest.xml:106:13-108:29
146                <action android:name="android.net.conn.CONNECTIVITY_CHANGE" />
146-->[androidx.work:work-runtime:2.10.0] AndroidManifest.xml:107:17-79
146-->[androidx.work:work-runtime:2.10.0] AndroidManifest.xml:107:25-76
147            </intent-filter>
148        </receiver>
149        <receiver
149-->[androidx.work:work-runtime:2.10.0] AndroidManifest.xml:110:9-121:20
150            android:name="androidx.work.impl.background.systemalarm.RescheduleReceiver"
150-->[androidx.work:work-runtime:2.10.0] AndroidManifest.xml:111:13-88
151            android:directBootAware="false"
151-->[androidx.work:work-runtime:2.10.0] AndroidManifest.xml:112:13-44
152            android:enabled="false"
152-->[androidx.work:work-runtime:2.10.0] AndroidManifest.xml:113:13-36
153            android:exported="false" >
153-->[androidx.work:work-runtime:2.10.0] AndroidManifest.xml:114:13-37
154            <intent-filter>
154-->[androidx.work:work-runtime:2.10.0] AndroidManifest.xml:116:13-120:29
155                <action android:name="android.intent.action.BOOT_COMPLETED" />
155-->[androidx.work:work-runtime:2.10.0] AndroidManifest.xml:117:17-79
155-->[androidx.work:work-runtime:2.10.0] AndroidManifest.xml:117:25-76
156                <action android:name="android.intent.action.TIME_SET" />
156-->[androidx.work:work-runtime:2.10.0] AndroidManifest.xml:118:17-73
156-->[androidx.work:work-runtime:2.10.0] AndroidManifest.xml:118:25-70
157                <action android:name="android.intent.action.TIMEZONE_CHANGED" />
157-->[androidx.work:work-runtime:2.10.0] AndroidManifest.xml:119:17-81
157-->[androidx.work:work-runtime:2.10.0] AndroidManifest.xml:119:25-78
158            </intent-filter>
159        </receiver>
160        <receiver
160-->[androidx.work:work-runtime:2.10.0] AndroidManifest.xml:122:9-131:20
161            android:name="androidx.work.impl.background.systemalarm.ConstraintProxyUpdateReceiver"
161-->[androidx.work:work-runtime:2.10.0] AndroidManifest.xml:123:13-99
162            android:directBootAware="false"
162-->[androidx.work:work-runtime:2.10.0] AndroidManifest.xml:124:13-44
163            android:enabled="@bool/enable_system_alarm_service_default"
163-->[androidx.work:work-runtime:2.10.0] AndroidManifest.xml:125:13-72
164            android:exported="false" >
164-->[androidx.work:work-runtime:2.10.0] AndroidManifest.xml:126:13-37
165            <intent-filter>
165-->[androidx.work:work-runtime:2.10.0] AndroidManifest.xml:128:13-130:29
166                <action android:name="androidx.work.impl.background.systemalarm.UpdateProxies" />
166-->[androidx.work:work-runtime:2.10.0] AndroidManifest.xml:129:17-98
166-->[androidx.work:work-runtime:2.10.0] AndroidManifest.xml:129:25-95
167            </intent-filter>
168        </receiver>
169        <receiver
169-->[androidx.work:work-runtime:2.10.0] AndroidManifest.xml:132:9-142:20
170            android:name="androidx.work.impl.diagnostics.DiagnosticsReceiver"
170-->[androidx.work:work-runtime:2.10.0] AndroidManifest.xml:133:13-78
171            android:directBootAware="false"
171-->[androidx.work:work-runtime:2.10.0] AndroidManifest.xml:134:13-44
172            android:enabled="true"
172-->[androidx.work:work-runtime:2.10.0] AndroidManifest.xml:135:13-35
173            android:exported="true"
173-->[androidx.work:work-runtime:2.10.0] AndroidManifest.xml:136:13-36
174            android:permission="android.permission.DUMP" >
174-->[androidx.work:work-runtime:2.10.0] AndroidManifest.xml:137:13-57
175            <intent-filter>
175-->[androidx.work:work-runtime:2.10.0] AndroidManifest.xml:139:13-141:29
176                <action android:name="androidx.work.diagnostics.REQUEST_DIAGNOSTICS" />
176-->[androidx.work:work-runtime:2.10.0] AndroidManifest.xml:140:17-88
176-->[androidx.work:work-runtime:2.10.0] AndroidManifest.xml:140:25-85
177            </intent-filter>
178        </receiver>
179
180        <activity
180-->[androidx.compose.ui:ui-test-manifest:1.7.5] AndroidManifest.xml:23:9-25:39
181            android:name="androidx.activity.ComponentActivity"
181-->[androidx.compose.ui:ui-test-manifest:1.7.5] AndroidManifest.xml:24:13-63
182            android:exported="true" />
182-->[androidx.compose.ui:ui-test-manifest:1.7.5] AndroidManifest.xml:25:13-36
183        <activity
183-->[androidx.compose.ui:ui-tooling-android:1.7.5] AndroidManifest.xml:23:9-25:39
184            android:name="androidx.compose.ui.tooling.PreviewActivity"
184-->[androidx.compose.ui:ui-tooling-android:1.7.5] AndroidManifest.xml:24:13-71
185            android:exported="true" />
185-->[androidx.compose.ui:ui-tooling-android:1.7.5] AndroidManifest.xml:25:13-36
186
187        <service
187-->[androidx.room:room-runtime:2.6.1] AndroidManifest.xml:24:9-28:63
188            android:name="androidx.room.MultiInstanceInvalidationService"
188-->[androidx.room:room-runtime:2.6.1] AndroidManifest.xml:25:13-74
189            android:directBootAware="true"
189-->[androidx.room:room-runtime:2.6.1] AndroidManifest.xml:26:13-43
190            android:exported="false" />
190-->[androidx.room:room-runtime:2.6.1] AndroidManifest.xml:27:13-37
191
192        <receiver
192-->[androidx.profileinstaller:profileinstaller:1.3.1] AndroidManifest.xml:34:9-52:20
193            android:name="androidx.profileinstaller.ProfileInstallReceiver"
193-->[androidx.profileinstaller:profileinstaller:1.3.1] AndroidManifest.xml:35:13-76
194            android:directBootAware="false"
194-->[androidx.profileinstaller:profileinstaller:1.3.1] AndroidManifest.xml:36:13-44
195            android:enabled="true"
195-->[androidx.profileinstaller:profileinstaller:1.3.1] AndroidManifest.xml:37:13-35
196            android:exported="true"
196-->[androidx.profileinstaller:profileinstaller:1.3.1] AndroidManifest.xml:38:13-36
197            android:permission="android.permission.DUMP" >
197-->[androidx.profileinstaller:profileinstaller:1.3.1] AndroidManifest.xml:39:13-57
198            <intent-filter>
198-->[androidx.profileinstaller:profileinstaller:1.3.1] AndroidManifest.xml:40:13-42:29
199                <action android:name="androidx.profileinstaller.action.INSTALL_PROFILE" />
199-->[androidx.profileinstaller:profileinstaller:1.3.1] AndroidManifest.xml:41:17-91
199-->[androidx.profileinstaller:profileinstaller:1.3.1] AndroidManifest.xml:41:25-88
200            </intent-filter>
201            <intent-filter>
201-->[androidx.profileinstaller:profileinstaller:1.3.1] AndroidManifest.xml:43:13-45:29
202                <action android:name="androidx.profileinstaller.action.SKIP_FILE" />
202-->[androidx.profileinstaller:profileinstaller:1.3.1] AndroidManifest.xml:44:17-85
202-->[androidx.profileinstaller:profileinstaller:1.3.1] AndroidManifest.xml:44:25-82
203            </intent-filter>
204            <intent-filter>
204-->[androidx.profileinstaller:profileinstaller:1.3.1] AndroidManifest.xml:46:13-48:29
205                <action android:name="androidx.profileinstaller.action.SAVE_PROFILE" />
205-->[androidx.profileinstaller:profileinstaller:1.3.1] AndroidManifest.xml:47:17-88
205-->[androidx.profileinstaller:profileinstaller:1.3.1] AndroidManifest.xml:47:25-85
206            </intent-filter>
207            <intent-filter>
207-->[androidx.profileinstaller:profileinstaller:1.3.1] AndroidManifest.xml:49:13-51:29
208                <action android:name="androidx.profileinstaller.action.BENCHMARK_OPERATION" />
208-->[androidx.profileinstaller:profileinstaller:1.3.1] AndroidManifest.xml:50:17-95
208-->[androidx.profileinstaller:profileinstaller:1.3.1] AndroidManifest.xml:50:25-92
209            </intent-filter>
210        </receiver>
211    </application>
212
213</manifest>